{'A1': 0, 'B1': 1, 'C1': 2, 'D1': 3, 'E1': 4, 'F1': 5, 'G1': 6, 'H1': 7, 'I1': 8, 'J1': 9, 'K1': 10, 'A2': 11, 'B2': 12, 'C2': 13, 'D2': 14, 'E2': 15, 'F2': 16, 'G2': 17, 'H2': 18, 'I2': 19, 'J2': 20, 'K2': 21, 'A3': 22, 'B3': 23, 'C3': 24, 'D3': 25, 'E3': 26, 'F3': 27, 'G3': 28, 'H3': 29, 'I3': 30, 'J3': 31, 'K3': 32, 'A4': 33, 'B4': 34, 'C4': 35, 'D4': 36, 'E4': 37, 'F4': 38, 'G4': 39, 'H4': 40, 'I4': 41, 'J4': 42, 'K4': 43, 'A5': 44, 'B5': 45, 'C5': 46, 'D5': 47, 'E5': 48, 'F5': 49, 'G5': 50, 'H5': 51, 'I5': 52, 'J5': 53, 'K5': 54, 'A6': 55, 'B6': 56, 'C6': 57, 'D6': 58, 'E6': 59, 'F6': 60, 'G6': 61, 'H6': 62, 'I6': 63, 'J6': 64, 'K6': 65, 'A7': 66, 'B7': 67, 'C7': 68, 'D7': 69, 'E7': 70, 'F7': 71, 'G7': 72, 'H7': 73, 'I7': 74, 'J7': 75, 'K7': 76, 'A8': 77, 'B8': 78, 'C8': 79, 'D8': 80, 'E8': 81, 'F8': 82, 'G8': 83, 'H8': 84, 'I8': 85, 'J8': 86, 'K8': 87, 'A9': 88, 'B9': 89, 'C9': 90, 'D9': 91, 'E9': 92, 'F9': 93, 'G9': 94, 'H9': 95, 'I9': 96, 'J9': 97, 'K9': 98, 'A10': 99, 'B10': 100, 'C10': 101, 'D10': 102, 'E10': 103, 'F10': 104, 'G10': 105, 'H10': 106, 'I10': 107, 'J10': 108, 'K10': 109, 'A11': 110, 'B11': 111, 'C11': 112, 'D11': 113, 'E11': 114, 'F11': 115, 'G11': 116, 'H11': 117, 'I11': 118, 'J11': 119, 'K11': 120, 'A12': 121, 'B12': 122, 'C12': 123, 'D12': 124, 'E12': 125, 'F12': 126, 'G12': 127, 'H12': 128, 'I12': 129, 'J12': 130, 'K12': 131, 'A13': 132, 'B13': 133, 'C13': 134, 'D13': 135, 'E13': 136, 'F13': 137, 'G13': 138, 'H13': 139, 'I13': 140, 'J13': 141, 'K13': 142, 'A14': 143, 'B14': 144, 'C14': 145, 'D14': 146, 'E14': 147, 'F14': 148, 'G14': 149, 'H14': 150, 'I14': 151, 'J14': 152, 'K14': 153, 'A15': 154, 'B15': 155, 'C15': 156, 'D15': 157, 'E15': 158, 'F15': 159, 'G15': 160, 'H15': 161, 'I15': 162, 'J15': 163, 'K15': 164, 'A16': 165, 'B16': 166, 'C16': 167, 'D16': 168, 'E16': 169, 'F16': 170, 'G16': 171, 'H16': 172, 'I16': 173, 'J16': 174, 'K16': 175, 'A17': 176, 'B17': 177, 'C17': 178, 'D17': 179, 'E17': 180, 'F17': 181, 'G17': 182, 'H17': 183, 'I17': 184, 'J17': 185, 'K17': 186, 'A18': 187, 'B18': 188, 'C18': 189, 'D18': 190, 'E18': 191, 'F18': 192, 'G18': 193, 'H18': 194, 'I18': 195, 'J18': 196, 'K18': 197}
successfully parsed hold difficulty file
successfully prepare type vocabulary
successfully created (x,y) position to each hold:
{'A1': (0, 0), 'A2': (0, 1), 'A3': (0, 2), 'A4': (0, 3), 'A5': (0, 4), 'A6': (0, 5), 'A7': (0, 6), 'A8': (0, 7), 'A9': (0, 8), 'A10': (0, 9), 'A11': (0, 10), 'A12': (0, 11), 'A13': (0, 12), 'A14': (0, 13), 'A15': (0, 14), 'A16': (0, 15), 'A17': (0, 16), 'A18': (0, 17), 'B1': (1, 0), 'B2': (1, 1), 'B3': (1, 2), 'B4': (1, 3), 'B5': (1, 4), 'B6': (1, 5), 'B7': (1, 6), 'B8': (1, 7), 'B9': (1, 8), 'B10': (1, 9), 'B11': (1, 10), 'B12': (1, 11), 'B13': (1, 12), 'B14': (1, 13), 'B15': (1, 14), 'B16': (1, 15), 'B17': (1, 16), 'B18': (1, 17), 'C1': (2, 0), 'C2': (2, 1), 'C3': (2, 2), 'C4': (2, 3), 'C5': (2, 4), 'C6': (2, 5), 'C7': (2, 6), 'C8': (2, 7), 'C9': (2, 8), 'C10': (2, 9), 'C11': (2, 10), 'C12': (2, 11), 'C13': (2, 12), 'C14': (2, 13), 'C15': (2, 14), 'C16': (2, 15), 'C17': (2, 16), 'C18': (2, 17), 'D1': (3, 0), 'D2': (3, 1), 'D3': (3, 2), 'D4': (3, 3), 'D5': (3, 4), 'D6': (3, 5), 'D7': (3, 6), 'D8': (3, 7), 'D9': (3, 8), 'D10': (3, 9), 'D11': (3, 10), 'D12': (3, 11), 'D13': (3, 12), 'D14': (3, 13), 'D15': (3, 14), 'D16': (3, 15), 'D17': (3, 16), 'D18': (3, 17), 'E1': (4, 0), 'E2': (4, 1), 'E3': (4, 2), 'E4': (4, 3), 'E5': (4, 4), 'E6': (4, 5), 'E7': (4, 6), 'E8': (4, 7), 'E9': (4, 8), 'E10': (4, 9), 'E11': (4, 10), 'E12': (4, 11), 'E13': (4, 12), 'E14': (4, 13), 'E15': (4, 14), 'E16': (4, 15), 'E17': (4, 16), 'E18': (4, 17), 'F1': (5, 0), 'F2': (5, 1), 'F3': (5, 2), 'F4': (5, 3), 'F5': (5, 4), 'F6': (5, 5), 'F7': (5, 6), 'F8': (5, 7), 'F9': (5, 8), 'F10': (5, 9), 'F11': (5, 10), 'F12': (5, 11), 'F13': (5, 12), 'F14': (5, 13), 'F15': (5, 14), 'F16': (5, 15), 'F17': (5, 16), 'F18': (5, 17), 'G1': (6, 0), 'G2': (6, 1), 'G3': (6, 2), 'G4': (6, 3), 'G5': (6, 4), 'G6': (6, 5), 'G7': (6, 6), 'G8': (6, 7), 'G9': (6, 8), 'G10': (6, 9), 'G11': (6, 10), 'G12': (6, 11), 'G13': (6, 12), 'G14': (6, 13), 'G15': (6, 14), 'G16': (6, 15), 'G17': (6, 16), 'G18': (6, 17), 'H1': (7, 0), 'H2': (7, 1), 'H3': (7, 2), 'H4': (7, 3), 'H5': (7, 4), 'H6': (7, 5), 'H7': (7, 6), 'H8': (7, 7), 'H9': (7, 8), 'H10': (7, 9), 'H11': (7, 10), 'H12': (7, 11), 'H13': (7, 12), 'H14': (7, 13), 'H15': (7, 14), 'H16': (7, 15), 'H17': (7, 16), 'H18': (7, 17), 'I1': (8, 0), 'I2': (8, 1), 'I3': (8, 2), 'I4': (8, 3), 'I5': (8, 4), 'I6': (8, 5), 'I7': (8, 6), 'I8': (8, 7), 'I9': (8, 8), 'I10': (8, 9), 'I11': (8, 10), 'I12': (8, 11), 'I13': (8, 12), 'I14': (8, 13), 'I15': (8, 14), 'I16': (8, 15), 'I17': (8, 16), 'I18': (8, 17), 'J1': (9, 0), 'J2': (9, 1), 'J3': (9, 2), 'J4': (9, 3), 'J5': (9, 4), 'J6': (9, 5), 'J7': (9, 6), 'J8': (9, 7), 'J9': (9, 8), 'J10': (9, 9), 'J11': (9, 10), 'J12': (9, 11), 'J13': (9, 12), 'J14': (9, 13), 'J15': (9, 14), 'J16': (9, 15), 'J17': (9, 16), 'J18': (9, 17), 'K1': (10, 0), 'K2': (10, 1), 'K3': (10, 2), 'K4': (10, 3), 'K5': (10, 4), 'K6': (10, 5), 'K7': (10, 6), 'K8': (10, 7), 'K9': (10, 8), 'K10': (10, 9), 'K11': (10, 10), 'K12': (10, 11), 'K13': (10, 12), 'K14': (10, 13), 'K15': (10, 14), 'K16': (10, 15), 'K17': (10, 16), 'K18': (10, 17)}
Using device: mps
----------------- Ordinal iteration 1/25 -----------------
=== Training ordinal model: set_transformer_ordinal ===
Epoch 01 — loss: 0.3663
Epoch 02 — loss: 0.3136
Epoch 03 — loss: 0.3035
Traceback (most recent call last):
  File "/Users/patrickdharma/Desktop/university/卒業課題/my_models/grade_predictor/main.py", line 1626, in <module>
    
  File "/Users/patrickdharma/Desktop/university/卒業課題/my_models/grade_predictor/main.py", line 1538, in run_ordinal_iterations
    print(f"=== Training ordinal model: {model_key} ===")
  File "/Users/patrickdharma/Desktop/university/卒業課題/my_models/grade_predictor/main.py", line 364, in main
    
  File "/Users/patrickdharma/Desktop/university/卒業課題/my_models/grade_predictor/main.py", line 296, in train_model
    loss.backward()
  File "/Users/patrickdharma/anaconda3/lib/python3.10/site-packages/torch/optim/optimizer.py", line 385, in wrapper
    out = func(*args, **kwargs)
  File "/Users/patrickdharma/anaconda3/lib/python3.10/site-packages/torch/optim/optimizer.py", line 76, in _use_grad
    ret = func(self, *args, **kwargs)
  File "/Users/patrickdharma/anaconda3/lib/python3.10/site-packages/torch/optim/adam.py", line 166, in step
    adam(
  File "/Users/patrickdharma/anaconda3/lib/python3.10/site-packages/torch/optim/adam.py", line 316, in adam
    func(params,
  File "/Users/patrickdharma/anaconda3/lib/python3.10/site-packages/torch/optim/adam.py", line 392, in _single_tensor_adam
    exp_avg_sq.mul_(beta2).addcmul_(grad, grad.conj(), value=1 - beta2)
KeyboardInterrupt
